<?xml version="1.0" encoding="UTF-8"?>
<testng-results ignored="0" total="1" passed="1" failed="0" skipped="0">
  <reporter-output>
  </reporter-output>
  <suite started-at="2023-12-30T11:46:41 IST" name="Default suite" finished-at="2023-12-30T11:48:06 IST" duration-ms="84386">
    <groups>
    </groups>
    <test started-at="2023-12-30T11:46:41 IST" name="Default test" finished-at="2023-12-30T11:48:06 IST" duration-ms="84386">
      <class name="BasicPrograms.PracticeForm">
        <test-method is-config="true" signature="beforeTest()[pri:0, instance:BasicPrograms.PracticeForm@498d318c]" started-at="2023-12-30T11:46:41 IST" name="beforeTest" finished-at="2023-12-30T11:48:05 IST" duration-ms="83889" status="PASS">
          <reporter-output>
          </reporter-output>
        </test-method> <!-- beforeTest -->
        <test-method signature="f()[pri:0, instance:BasicPrograms.PracticeForm@498d318c]" started-at="2023-12-30T11:48:06 IST" name="f" finished-at="2023-12-30T11:48:06 IST" duration-ms="59" status="PASS">
          <reporter-output>
          </reporter-output>
        </test-method> <!-- f -->
        <test-method is-config="true" signature="afterTest()[pri:0, instance:BasicPrograms.PracticeForm@498d318c]" started-at="2023-12-30T11:48:06 IST" name="afterTest" finished-at="2023-12-30T11:48:06 IST" duration-ms="1" status="PASS">
          <reporter-output>
          </reporter-output>
        </test-method> <!-- afterTest -->
      </class> <!-- BasicPrograms.PracticeForm -->
    </test> <!-- Default test -->
  </suite> <!-- Default suite -->
</testng-results>
